[LOGGER] - 29-07-22 18:36:59 - [error] - Error retrieving products
[LOGGER] - 29-07-22 18:37:25 - [error] - Error retrieving products
[LOGGER] - 29-07-22 18:37:35 - [error] - Error retrieving products
[LOGGER] - 29-07-22 18:42:12 - [error] - Error retrieving products
[LOGGER] - 29-07-22 18:47:02 - [error] - Error retrieving products
[LOGGER] - 29-07-22 18:50:39 - [error] - Error retrieving products
[LOGGER] - 29-07-22 18:51:27 - [error] - Error retrieving products
[LOGGER] - 29-07-22 19:43:37 - [error] - Error retrieving products
[LOGGER] - 29-07-22 19:44:57 - [error] - Error retrieving products
[LOGGER] - 29-07-22 19:46:50 - [error] - Error retrieving products
[LOGGER] - 29-07-22 19:47:46 - [error] - Error retrieving products
[LOGGER] - 29-07-22 19:49:12 - [error] - Error retrieving products
[LOGGER] - 29-07-22 19:52:00 - [error] - Error retrieving products
[LOGGER] - 30-07-22 17:26:16 - [error] - undefined
[LOGGER] - 30-07-22 17:27:46 - [error] - undefined
[LOGGER] - 30-07-22 17:27:51 - [error] - Error retrieving products
[LOGGER] - 30-07-22 17:28:54 - [error] - undefined
[LOGGER] - 30-07-22 17:28:59 - [error] - Error retrieving products
[LOGGER] - 30-07-22 17:31:53 - [error] - undefined
[LOGGER] - 30-07-22 17:33:49 - [error] - undefined
[LOGGER] - 30-07-22 17:33:52 - [error] - Error retrieving products
[LOGGER] - 30-07-22 17:35:24 - [error] - Error loading Product persistence Cannot find module '../Product/mongoDB'
Require stack:
- C:\Users\marti\Documents\CoderHouse\Programacion Backend\18vo entregable\DAO\factory.js
- C:\Users\marti\Documents\CoderHouse\Programacion Backend\18vo entregable\services\ProductService.js
- C:\Users\marti\Documents\CoderHouse\Programacion Backend\18vo entregable\controllers\Product.controller.js
- C:\Users\marti\Documents\CoderHouse\Programacion Backend\18vo entregable\routes\product.routes.js
- C:\Users\marti\Documents\CoderHouse\Programacion Backend\18vo entregable\routes\index.routes.js
- C:\Users\marti\Documents\CoderHouse\Programacion Backend\18vo entregable\middlewares\app.middleware.js
- C:\Users\marti\Documents\CoderHouse\Programacion Backend\18vo entregable\server.js
[LOGGER] - 30-07-22 17:36:24 - [error] - Error loading Product persistence Date.toLocaleString is not a constructor
[LOGGER] - 30-07-22 17:42:32 - [error] - Error retrieving products
[LOGGER] - 30-07-22 17:43:11 - [error] - Error retrieving products
[LOGGER] - 30-07-22 17:43:36 - [error] - Error retrieving products
[LOGGER] - 30-07-22 18:03:29 - [error] - undefined
[LOGGER] - 30-07-22 18:05:12 - [error] - undefined
[LOGGER] - 30-07-22 19:44:31 - [error] - Error loading User persistence instance is not defined
[LOGGER] - 30-07-22 21:14:04 - [error] - Error:  UserService.readOne is not a function
[LOGGER] - 30-07-22 21:14:46 - [error] - Error:  User not found
[LOGGER] - 30-07-22 21:16:54 - [error] - undefined
[LOGGER] - 30-07-22 21:17:20 - [error] - undefined
[LOGGER] - 30-07-22 21:17:45 - [error] - undefined
[LOGGER] - 30-07-22 21:17:55 - [error] - undefined
[LOGGER] - 30-07-22 21:21:14 - [error] - undefined
[LOGGER] - 30-07-22 21:22:55 - [error] - undefined
[LOGGER] - 30-07-22 21:25:44 - [error] - undefined
[LOGGER] - 30-07-22 21:26:51 - [error] - undefined
[LOGGER] - 30-07-22 21:27:55 - [error] - undefined
[LOGGER] - 30-07-22 21:35:09 - [error] - Error:  data and hash arguments required
[LOGGER] - 30-07-22 21:37:24 - [error] - Error:  User not found
[LOGGER] - 30-07-22 21:38:11 - [error] - Error:  User not found
[LOGGER] - 30-07-22 21:38:20 - [error] - Error:  data and hash arguments required
[LOGGER] - 30-07-22 21:39:39 - [error] - Error:  User not found
[LOGGER] - 30-07-22 21:40:17 - [error] - Error:  User not found
[LOGGER] - 30-07-22 21:40:29 - [error] - Error:  User not found
[LOGGER] - 30-07-22 21:41:28 - [error] - Error:  Error while generating token
[LOGGER] - 30-07-22 21:41:55 - [error] - Error:  Error while generating token
[LOGGER] - 30-07-22 21:43:52 - [error] - Error:  data and hash arguments required
[LOGGER] - 30-07-22 21:44:01 - [error] - Error:  data and hash arguments required
[LOGGER] - 30-07-22 23:07:30 - [error] - undefined
[LOGGER] - 30-07-22 23:07:30 - [error] - Error updating user Cannot read properties of undefined (reading '1')
[LOGGER] - 30-07-22 23:07:39 - [error] - undefined
[LOGGER] - 30-07-22 23:07:39 - [error] - Error updating user Cannot read properties of undefined (reading '1')
[LOGGER] - 30-07-22 23:08:03 - [error] - undefined
[LOGGER] - 30-07-22 23:08:03 - [error] - Error updating user Cannot read properties of undefined (reading '1')
[LOGGER] - 30-07-22 23:09:24 - [error] - undefined
[LOGGER] - 30-07-22 23:09:24 - [error] - Error updating user Cannot read properties of undefined (reading '1')
[LOGGER] - 30-07-22 23:09:33 - [error] - undefined
[LOGGER] - 30-07-22 23:09:33 - [error] - Error updating user Cannot read properties of undefined (reading '1')
[LOGGER] - 30-07-22 23:09:47 - [error] - undefined
[LOGGER] - 30-07-22 23:09:47 - [error] - Error updating user Cannot read properties of undefined (reading '1')
[LOGGER] - 30-07-22 23:11:16 - [error] - undefined
[LOGGER] - 30-07-22 23:11:16 - [error] - Error updating user Cannot read properties of undefined (reading '1')
[LOGGER] - 30-07-22 23:12:26 - [error] - undefined
[LOGGER] - 30-07-22 23:12:26 - [error] - Error updating user Cannot read properties of undefined (reading '1')
[LOGGER] - 30-07-22 23:12:45 - [error] - undefined
[LOGGER] - 30-07-22 23:12:45 - [error] - Error updating user Cannot read properties of undefined (reading '1')
[LOGGER] - 30-07-22 23:14:56 - [error] - undefined
[LOGGER] - 30-07-22 23:14:56 - [error] - Error updating user Cannot read properties of undefined (reading '1')
[LOGGER] - 30-07-22 23:15:41 - [error] - undefined
[LOGGER] - 30-07-22 23:15:41 - [error] - Error updating user Cannot read properties of undefined (reading '1')
[LOGGER] - 30-07-22 23:15:58 - [error] - undefined
[LOGGER] - 30-07-22 23:16:44 - [error] - undefined
[LOGGER] - 01-08-22 02:19:09 - [error] - undefined
[LOGGER] - 01-08-22 02:20:16 - [error] - Error:  User not found
[LOGGER] - 01-08-22 02:22:43 - [error] - Error:  User not found
[LOGGER] - 01-08-22 02:23:17 - [error] - Error:  User not found
[LOGGER] - 01-08-22 02:23:31 - [error] - Error:  User not found
[LOGGER] - 01-08-22 02:25:12 - [error] - Error:  Invalid password
[LOGGER] - 01-08-22 02:26:33 - [error] - Error:  Cannot set headers after they are sent to the client
